2022-11-08 09:08:11.305265: I tensorflow/core/util/util.cc:169] oneDNN custom operations are on. You may see slightly different numerical results due to floating-point round-off errors from different computation orders. To turn them off, set the environment variable `TF_ENABLE_ONEDNN_OPTS=0`.
53
********* data fs_0018_3T.h5 processing **********
Imaging acquisition starts acq  0
(384, 165, 1, 30, 16, 1, 1, 1, 2)
Done.
Done.
********* data fs_0001_1_5T.h5 processing **********
Imaging acquisition starts acq  0
(512, 208, 1, 15, 19, 1, 1, 1, 1)
Done.
********* data fs_0002_1_5T.h5 processing **********
Imaging acquisition starts acq  0
(512, 208, 1, 18, 19, 1, 1, 1, 1)
Done.
********* data fs_0003_1_5T.h5 processing **********
Imaging acquisition starts acq  0
(512, 208, 1, 18, 17, 1, 1, 1, 1)
Done.
********* data fs_0004_1_5T.h5 processing **********
Imaging acquisition starts acq  0
(512, 208, 1, 18, 18, 1, 1, 1, 1)
Done.
********* data fs_0005_1_5T.h5 processing **********
Imaging acquisition starts acq  0
(512, 208, 1, 18, 18, 1, 1, 1, 1)
Done.
********* data fs_0006_1_5T.h5 processing **********
Imaging acquisition starts acq  0
(512, 208, 1, 18, 18, 1, 1, 1, 1)
Done.
********* data fs_0007_1_5T.h5 processing **********
Imaging acquisition starts acq  0
(384, 144, 1, 18, 23, 1, 1, 1, 1)
Done.
********* data fs_0008_1_5T.h5 processing **********
Imaging acquisition starts acq  0
(416, 180, 1, 15, 21, 1, 1, 1, 1)
Done.
********* data fs_0009_1_5T.h5 processing **********
Imaging acquisition starts acq  0
(384, 144, 1, 18, 22, 1, 1, 1, 1)
Done.
********* data fs_0010_1_5T.h5 processing **********
Imaging acquisition starts acq  0
(384, 144, 1, 18, 22, 1, 1, 1, 1)
Done.
********* data fs_0011_1_5T.h5 processing **********
Imaging acquisition starts acq  0
(384, 144, 1, 18, 22, 1, 1, 1, 1)
Done.
********* data fs_0012_3T.h5 processing **********
Imaging acquisition starts acq  32
(288, 112, 1, 30, 18, 1, 11, 1, 1)
Done.
Done.
Done.
Done.
Done.
Done.
Done.
Done.
Done.
Done.
Done.
********* data fs_0013_3T.h5 processing **********
Imaging acquisition starts acq  32
(320, 126, 1, 30, 18, 1, 1, 1, 1)
Done.
********* data fs_0014_3T.h5 processing **********
Imaging acquisition starts acq  32
(320, 126, 1, 30, 18, 1, 1, 1, 1)
Done.
********* data fs_0015_3T.h5 processing **********
Imaging acquisition starts acq  32
(320, 126, 1, 16, 18, 1, 1, 1, 1)
Done.
********* data fs_0016_3T.h5 processing **********
Imaging acquisition starts acq  0
(384, 150, 1, 30, 15, 1, 1, 1, 2)
Done.
Done.
********* data fs_0017_3T.h5 processing **********
Imaging acquisition starts acq  0
(384, 165, 1, 30, 16, 1, 1, 1, 2)
Done.
Done.
********* data fs_0019_3T.h5 processing **********
Imaging acquisition starts acq  0
(384, 144, 1, 38, 25, 1, 1, 1, 1)
Done.
********* data fs_0020_3T.h5 processing **********
Imaging acquisition starts acq  0
(384, 144, 1, 38, 22, 1, 1, 1, 1)
Done.
********* data fs_0021_3T.h5 processing **********
Imaging acquisition starts acq  0
(384, 144, 1, 38, 22, 1, 1, 1, 1)
Done.
********* data fs_0022_3T.h5 processing **********
Imaging acquisition starts acq  0
(384, 144, 1, 38, 22, 1, 1, 1, 1)
Done.
********* data fs_0023_3T.h5 processing **********
Imaging acquisition starts acq  0
(384, 144, 1, 38, 22, 1, 1, 1, 1)
Done.
********* data fs_0024_3T.h5 processing **********
Imaging acquisition starts acq  0
(384, 144, 1, 38, 22, 1, 1, 1, 1)
Done.
********* data fs_0025_3T.h5 processing **********
Imaging acquisition starts acq  0
(384, 144, 1, 30, 27, 1, 1, 1, 2)
Done.
Done.
********* data fs_0026_3T.h5 processing **********
Imaging acquisition starts acq  0
(384, 144, 1, 30, 27, 1, 1, 1, 2)
Done.
Done.
********* data fs_0027_3T.h5 processing **********
Imaging acquisition starts acq  0
(384, 144, 1, 30, 28, 1, 1, 1, 2)
Done.
Done.
********* data fs_0028_3T.h5 processing **********
Imaging acquisition starts acq  0
(384, 144, 1, 30, 28, 1, 1, 1, 2)
Done.
Done.
********* data fs_0029_3T.h5 processing **********
Imaging acquisition starts acq  0
(384, 144, 1, 30, 28, 1, 1, 1, 2)
Done.
Done.
********* data fs_0030_3T.h5 processing **********
Imaging acquisition starts acq  0
(384, 144, 1, 30, 26, 1, 1, 1, 2)
Done.
Done.
********* data fs_0031_3T.h5 processing **********
Imaging acquisition starts acq  0
(384, 144, 1, 30, 27, 1, 1, 1, 2)
Done.
Done.
********* data fs_0032_3T.h5 processing **********
Imaging acquisition starts acq  0
(384, 144, 1, 34, 18, 1, 1, 1, 2)
Done.
Done.
********* data fs_0033_3T.h5 processing **********
Imaging acquisition starts acq  0
(384, 144, 1, 34, 18, 1, 1, 1, 2)
Done.
Done.
********* data fs_0034_3T.h5 processing **********
Imaging acquisition starts acq  0
(384, 144, 1, 34, 18, 1, 1, 1, 2)
Done.
Done.
********* data fs_0035_3T.h5 processing **********
Imaging acquisition starts acq  0
(384, 144, 1, 34, 18, 1, 1, 1, 2)
Done.
Done.
********* data fs_0036_3T.h5 processing **********
Imaging acquisition starts acq  0
(384, 144, 1, 34, 17, 1, 1, 1, 1)
Done.
********* data fs_0037_3T.h5 processing **********
Imaging acquisition starts acq  0
(384, 144, 1, 34, 22, 1, 1, 1, 2)
Done.
Done.
********* data fs_0038_3T.h5 processing **********
Imaging acquisition starts acq  0
(384, 144, 1, 20, 16, 1, 1, 1, 2)
Done.
Done.
********* data fs_0039_3T.h5 processing **********
Imaging acquisition starts acq  0
(384, 144, 1, 20, 16, 1, 1, 1, 2)
Done.
Done.
********* data fs_0040_3T.h5 processing **********
Imaging acquisition starts acq  0
(384, 144, 1, 20, 16, 1, 1, 1, 2)
Done.
Done.
********* data fs_0041_3T.h5 processing **********
Imaging acquisition starts acq  0
(384, 144, 1, 20, 18, 1, 1, 1, 2)
Done.
Done.
********* data fs_0042_3T.h5 processing **********
Imaging acquisition starts acq  0
(384, 144, 1, 20, 17, 1, 1, 1, 2)
Done.
Done.
********* data fs_0043_3T.h5 processing **********
Imaging acquisition starts acq  0
(384, 144, 1, 20, 18, 1, 1, 1, 2)
Done.
Done.
********* data fs_0044_3T.h5 processing **********
Imaging acquisition starts acq  0
(384, 144, 1, 30, 26, 1, 1, 1, 1)
Done.
********* data fs_0045_3T.h5 processing **********
Imaging acquisition starts acq  0
(384, 144, 1, 30, 25, 1, 10, 1, 1)
Done.
Done.
Done.
Done.
Done.
Done.
Done.
Done.
Done.
Done.
********* data fs_0046_3T.h5 processing **********
Imaging acquisition starts acq  0
(384, 144, 1, 30, 25, 1, 1, 1, 1)
Done.
********* data fs_0047_3T.h5 processing **********
Imaging acquisition starts acq  0
(416, 150, 1, 34, 22, 1, 1, 1, 1)
Done.
********* data fs_0048_3T.h5 processing **********
Imaging acquisition starts acq  0
(416, 150, 1, 24, 22, 1, 1, 1, 1)
Done.
********* data fs_0049_3T.h5 processing **********
Imaging acquisition starts acq  0
(416, 150, 1, 20, 22, 1, 1, 1, 1)
Done.
********* data fs_0050_1_5T.h5 processing **********
Imaging acquisition starts acq  32
(320, 120, 1, 28, 30, 1, 1, 1, 1)
Done.
********* data fs_0053_1_5T.h5 processing **********
Imaging acquisition starts acq  32
(320, 120, 1, 28, 30, 1, 10, 1, 1)
Done.
Done.
Done.
Done.
Done.
Done.
Done.
Done.
Done.
Done.
********* data fs_0056_1_5T.h5 processing **********
Imaging acquisition starts acq  32
(320, 120, 1, 24, 23, 1, 12, 1, 1)
Done.
Done.
Done.
Done.
Done.
Done.
Done.
Done.
Done.
Done.
Done.
Done.
********* data fs_0057_1_5T.h5 processing **********
Imaging acquisition starts acq  32
(384, 144, 1, 28, 25, 1, 12, 1, 1)
Done.
Done.
Done.
Done.
Done.
Done.
Done.
Done.
Done.
Done.
Done.
Done.
2022-11-08 09:37:38.724755: I tensorflow/core/platform/cpu_feature_guard.cc:193] This TensorFlow binary is optimized with oneAPI Deep Neural Network Library (oneDNN) to use the following CPU instructions in performance-critical operations:  AVX2 AVX512F AVX512_VNNI FMA
To enable them in other operations, rebuild TensorFlow with the appropriate compiler flags.
2022-11-08 09:37:39.415618: I tensorflow/core/common_runtime/gpu/gpu_device.cc:1532] Created device /job:localhost/replica:0/task:0/device:GPU:0 with 29539 MB memory:  -> device: 0, name: Quadro GV100, pci bus id: 0000:2d:00.0, compute capability: 7.0
dataset loaded.
2491
